Using pre-set license
Built from '2020.3/staging' branch; Version is '2020.3.14f1 (d0d1bb862f9d) revision 13685179'; Using compiler version '192528614'; Build Type 'Release'
OS: 'Windows 10 Home Single Language; OS build 19042.1266; Version 2009; 64bit' Language: 'en' Physical Memory: 16191 MB
BatchMode: 1, IsHumanControllingUs: 0, StartBugReporterOnCrash: 0, Is64bit: 1, IsPro: 0

 COMMAND LINE ARGUMENTS:
D:\unity hub\2020.3.14f1\Editor\Unity.exe
-adb2
-batchMode
-noUpm
-name
AssetImportWorker0
-projectPath
E:/Unity/VR
-logFile
Logs/AssetImportWorker0.log
-srvPort
63663
Successfully changed project path to: E:/Unity/VR
E:/Unity/VR
Using Asset Import Pipeline V2.
Refreshing native plugins compatible for Editor in 76.34 ms, found 2 plugins.
Preloading 0 native plugins for Editor in 0.00 ms.
Initialize engine version: 2020.3.14f1 (d0d1bb862f9d)
[Subsystems] Discovering subsystems at path D:/unity hub/2020.3.14f1/Editor/Data/Resources/UnitySubsystems
[Subsystems] Discovering subsystems at path E:/Unity/VR/Assets
GfxDevice: creating device client; threaded=0
Direct3D:
    Version:  Direct3D 11.0 [level 11.1]
    Renderer: NVIDIA GeForce GTX 1650 (ID=0x1f91)
    Vendor:   
    VRAM:     3962 MB
    Driver:   30.0.14.9613
Initialize mono
Mono path[0] = 'D:/unity hub/2020.3.14f1/Editor/Data/Managed'
Mono path[1] = 'D:/unity hub/2020.3.14f1/Editor/Data/MonoBleedingEdge/lib/mono/unityjit'
Mono config path = 'D:/unity hub/2020.3.14f1/Editor/Data/MonoBleedingEdge/etc'
Using monoOptions --debugger-agent=transport=dt_socket,embedding=1,server=y,suspend=n,address=127.0.0.1:56000
Begin MonoManager ReloadAssembly
Registering precompiled unity dll's ...
Register platform support module: D:/unity hub/2020.3.14f1/Editor/Data/PlaybackEngines/WebGLSupport/UnityEditor.WebGL.Extensions.dll
Register platform support module: D:/unity hub/2020.3.14f1/Editor/Data/PlaybackEngines/WindowsStandaloneSupport/UnityEditor.WindowsStandalone.Extensions.dll
Registered in 0.001162 seconds.
Native extension for WindowsStandalone target not found
Native extension for WebGL target not found
Refreshing native plugins compatible for Editor in 72.66 ms, found 2 plugins.
Preloading 0 native plugins for Editor in 0.00 ms.
Mono: successfully reloaded assembly
- Completed reload, in  2.097 seconds
Domain Reload Profiling:
	ReloadAssembly (2097ms)
		BeginReloadAssembly (62ms)
			ExecutionOrderSort (0ms)
			DisableScriptedObjects (0ms)
			BackupInstance (0ms)
			ReleaseScriptingObjects (0ms)
			CreateAndSetChildDomain (1ms)
		EndReloadAssembly (490ms)
			LoadAssemblies (61ms)
			RebuildTransferFunctionScriptingTraits (0ms)
			SetupTypeCache (153ms)
			ReleaseScriptCaches (0ms)
			RebuildScriptCaches (41ms)
			SetupLoadedEditorAssemblies (213ms)
				LogAssemblyErrors (0ms)
				InitializePlatformSupportModulesInManaged (7ms)
				SetLoadedEditorAssemblies (0ms)
				RefreshPlugins (73ms)
				BeforeProcessingInitializeOnLoad (13ms)
				ProcessInitializeOnLoadAttributes (89ms)
				ProcessInitializeOnLoadMethodAttributes (31ms)
				AfterProcessingInitializeOnLoad (0ms)
				EditorAssembliesLoaded (0ms)
			ExecutionOrderSort2 (0ms)
			AwakeInstancesAfterBackupRestoration (0ms)
Platform modules already initialized, skipping
Registering precompiled user dll's ...
Registered in 0.003550 seconds.
Begin MonoManager ReloadAssembly
Native extension for WindowsStandalone target not found
Native extension for WebGL target not found
Refreshing native plugins compatible for Editor in 0.70 ms, found 2 plugins.
Preloading 0 native plugins for Editor in 0.00 ms.
Mono: successfully reloaded assembly
- Completed reload, in  1.379 seconds
Domain Reload Profiling:
	ReloadAssembly (1380ms)
		BeginReloadAssembly (189ms)
			ExecutionOrderSort (0ms)
			DisableScriptedObjects (6ms)
			BackupInstance (0ms)
			ReleaseScriptingObjects (0ms)
			CreateAndSetChildDomain (23ms)
		EndReloadAssembly (1115ms)
			LoadAssemblies (105ms)
			RebuildTransferFunctionScriptingTraits (0ms)
			SetupTypeCache (361ms)
			ReleaseScriptCaches (0ms)
			RebuildScriptCaches (56ms)
			SetupLoadedEditorAssemblies (465ms)
				LogAssemblyErrors (0ms)
				InitializePlatformSupportModulesInManaged (7ms)
				SetLoadedEditorAssemblies (0ms)
				RefreshPlugins (1ms)
				BeforeProcessingInitializeOnLoad (121ms)
				ProcessInitializeOnLoadAttributes (327ms)
				ProcessInitializeOnLoadMethodAttributes (5ms)
				AfterProcessingInitializeOnLoad (4ms)
				EditorAssembliesLoaded (0ms)
			ExecutionOrderSort2 (0ms)
			AwakeInstancesAfterBackupRestoration (9ms)
Platform modules already initialized, skipping
========================================================================
Worker process is ready to serve import requests
Launched and connected shader compiler UnityShaderCompiler.exe after 0.08 seconds
Refreshing native plugins compatible for Editor in 0.76 ms, found 2 plugins.
Preloading 0 native plugins for Editor in 0.00 ms.
Unloading 1807 Unused Serialized files (Serialized files now loaded: 0)
System memory in use before: 98.4 MB.
System memory in use after: 98.5 MB.

Unloading 22 unused Assets to reduce memory usage. Loaded Objects now: 2254.
Total: 2.590500 ms (FindLiveObjects: 0.220700 ms CreateObjectMapping: 0.144000 ms MarkObjects: 2.098600 ms  DeleteObjects: 0.125900 ms)

AssetImportParameters requested are different than current active one (requested -> active):
  custom:framework-win-MediaFoundation: 216162199b28c13a410421893ffa2e32 -> 
  custom:video-decoder-ogg-theora: a1e56fd34408186e4bbccfd4996cb3dc -> 
  custom:container-muxer-webm: aa71ff27fc2769a1b78a27578f13a17b -> 
  custom:container-demuxer-webm: 4f35f7cbe854078d1ac9338744f61a02 -> 
  custom:container-demuxer-ogg: 62fdf1f143b41e24485cea50d1cbac27 -> 
  custom:video-encoder-webm-vp8: eb34c28f22e8b96e1ab97ce403110664 -> 
  custom:video-codec-MediaFoundation-h265: 746d11721c4dcdbdad8f713fa42b33f4 -> 
  custom:video-decoder-webm-vp8: 9c59270c3fd7afecdb556c50c9e8de78 -> 
  custom:audio-decoder-ogg-vorbis: bf7c407c2cedff20999df2af8eb42d56 -> 
  custom:audio-encoder-webm-vorbis: bf7c407c2cedff20999df2af8eb42d56 -> 
========================================================================
Received Import Request.
  path: Assets/SkyBox Volume 2/Demos/Prefabs/HUD
  artifactKey: Guid(83dfadae093479140b191d30ed1dfd88) Importer(815301076,1909f56bfc062723c751e8b465ee728b)
Start importing Assets/SkyBox Volume 2/Demos/Prefabs/HUD using Guid(83dfadae093479140b191d30ed1dfd88) Importer(815301076,1909f56bfc062723c751e8b465ee728b)  -> (artifact id: '51c3d57b6a03f9a80481d49b07edc094') in 0.009002 seconds 
  Import took 0.012717 seconds .

========================================================================
Received Import Request.
  Time since last request: 0.000235 seconds.
  path: Assets/SkyBox Volume 2/Demos/Prefabs/HUD/HUDSpaceFighter2.prefab
  artifactKey: Guid(e897456058ec0f44c9948ab2f26d8df9) Importer(815301076,1909f56bfc062723c751e8b465ee728b)
Start importing Assets/SkyBox Volume 2/Demos/Prefabs/HUD/HUDSpaceFighter2.prefab using Guid(e897456058ec0f44c9948ab2f26d8df9) Importer(815301076,1909f56bfc062723c751e8b465ee728b)  -> (artifact id: '43ffc7ecdc05fc34b77a357a2354ae7a') in 0.212108 seconds 
  Import took 0.217317 seconds .

========================================================================
Received Import Request.
  Time since last request: 6.035072 seconds.
  path: Assets/SkyBox Volume 2/Demos/Audio
  artifactKey: Guid(b1a682868188bdc47a8cd7833168d3f7) Importer(815301076,1909f56bfc062723c751e8b465ee728b)
Start importing Assets/SkyBox Volume 2/Demos/Audio using Guid(b1a682868188bdc47a8cd7833168d3f7) Importer(815301076,1909f56bfc062723c751e8b465ee728b)  -> (artifact id: '9c4d15d427a0394bedb26eeae75fb04c') in 0.007346 seconds 
  Import took 0.011664 seconds .

========================================================================
Received Import Request.
  Time since last request: 1.493115 seconds.
  path: Assets/SkyBox Volume 2/Demos/Art
  artifactKey: Guid(64e5344b97070294393295afcd9a0008) Importer(815301076,1909f56bfc062723c751e8b465ee728b)
Start importing Assets/SkyBox Volume 2/Demos/Art using Guid(64e5344b97070294393295afcd9a0008) Importer(815301076,1909f56bfc062723c751e8b465ee728b)  -> (artifact id: 'f59663da7ce08d768c8eac1c9a2f91fc') in 0.008088 seconds 
  Import took 0.012559 seconds .

========================================================================
Received Import Request.
  Time since last request: 1.208707 seconds.
  path: Assets/SkyBox Volume 2/Demos/Art/Spacefighter2
  artifactKey: Guid(9d945a4c24c51f24484ee4bea0b95429) Importer(815301076,1909f56bfc062723c751e8b465ee728b)
Start importing Assets/SkyBox Volume 2/Demos/Art/Spacefighter2 using Guid(9d945a4c24c51f24484ee4bea0b95429) Importer(815301076,1909f56bfc062723c751e8b465ee728b)  -> (artifact id: 'f31b72bb4cb010dbc497cfb6c079f402') in 0.008102 seconds 
  Import took 0.012746 seconds .

========================================================================
Received Import Request.
  Time since last request: 0.053865 seconds.
  path: Assets/SkyBox Volume 2/Demos/Art/Spacefighter2/Spacefighter2_Cockpit.fbx
  artifactKey: Guid(ad2944b722a58ba478355171d850ba01) Importer(815301076,1909f56bfc062723c751e8b465ee728b)
Start importing Assets/SkyBox Volume 2/Demos/Art/Spacefighter2/Spacefighter2_Cockpit.fbx using Guid(ad2944b722a58ba478355171d850ba01) Importer(815301076,1909f56bfc062723c751e8b465ee728b)  -> (artifact id: '79a72a00c85351c19a900eb6b68cf27c') in 0.147759 seconds 
  Import took 0.154365 seconds .

========================================================================
Received Import Request.
  Time since last request: 0.000334 seconds.
  path: Assets/SkyBox Volume 2/Demos/Art/Spacefighter2/Spacefighter2_ShieldCollider.fbx
  artifactKey: Guid(030d469eee0d3114ebba4aac8bb1d7db) Importer(815301076,1909f56bfc062723c751e8b465ee728b)
Start importing Assets/SkyBox Volume 2/Demos/Art/Spacefighter2/Spacefighter2_ShieldCollider.fbx using Guid(030d469eee0d3114ebba4aac8bb1d7db) Importer(815301076,1909f56bfc062723c751e8b465ee728b)  -> (artifact id: 'ea95b54cf286a0c7bfc19f5bab850de3') in 0.027769 seconds 
  Import took 0.032564 seconds .

========================================================================
Received Import Request.
  Time since last request: 0.000387 seconds.
  path: Assets/SkyBox Volume 2/Demos/Art/Spacefighter2/SpaceFighter2_Exterior.fbx
  artifactKey: Guid(fe95e06ac96c3904b8ee70cedf55ae34) Importer(815301076,1909f56bfc062723c751e8b465ee728b)
Start importing Assets/SkyBox Volume 2/Demos/Art/Spacefighter2/SpaceFighter2_Exterior.fbx using Guid(fe95e06ac96c3904b8ee70cedf55ae34) Importer(815301076,1909f56bfc062723c751e8b465ee728b)  -> (artifact id: '8536630576ae0b0c625dd63ca918c53e') in 0.052418 seconds 
  Import took 0.057366 seconds .

========================================================================
Received Import Request.
  Time since last request: 0.000318 seconds.
  path: Assets/SkyBox Volume 2/Demos/Art/Spacefighter2/SpaceFighter2_HologramMesh.fbx
  artifactKey: Guid(08de53b9c2f50024c876157e05eb03bf) Importer(815301076,1909f56bfc062723c751e8b465ee728b)
Start importing Assets/SkyBox Volume 2/Demos/Art/Spacefighter2/SpaceFighter2_HologramMesh.fbx using Guid(08de53b9c2f50024c876157e05eb03bf) Importer(815301076,1909f56bfc062723c751e8b465ee728b)  -> (artifact id: 'a71bb1ed09e98d7a7a49bc64d72c76b2') in 0.045951 seconds 
  Import took 0.049485 seconds .

========================================================================
Received Import Request.
  Time since last request: 0.000562 seconds.
  path: Assets/SkyBox Volume 2/Demos/Art/Spacefighter2/SpaceFighter2_Shield.fbx
  artifactKey: Guid(5406d325f6b1cb84f8fb3b56ae855c14) Importer(815301076,1909f56bfc062723c751e8b465ee728b)
Start importing Assets/SkyBox Volume 2/Demos/Art/Spacefighter2/SpaceFighter2_Shield.fbx using Guid(5406d325f6b1cb84f8fb3b56ae855c14) Importer(815301076,1909f56bfc062723c751e8b465ee728b)  -> (artifact id: '866026f6f673f71bd8bb737643a16f8f') in 0.029153 seconds 
  Import took 0.033481 seconds .

========================================================================
Received Prepare
Registering precompiled user dll's ...
Registered in 0.004214 seconds.
Begin MonoManager ReloadAssembly
Native extension for WindowsStandalone target not found
Native extension for WebGL target not found
Refreshing native plugins compatible for Editor in 1.27 ms, found 2 plugins.
Preloading 0 native plugins for Editor in 0.00 ms.
Mono: successfully reloaded assembly
- Completed reload, in  1.153 seconds
Domain Reload Profiling:
	ReloadAssembly (1153ms)
		BeginReloadAssembly (124ms)
			ExecutionOrderSort (0ms)
			DisableScriptedObjects (4ms)
			BackupInstance (0ms)
			ReleaseScriptingObjects (0ms)
			CreateAndSetChildDomain (34ms)
		EndReloadAssembly (941ms)
			LoadAssemblies (114ms)
			RebuildTransferFunctionScriptingTraits (0ms)
			SetupTypeCache (330ms)
			ReleaseScriptCaches (1ms)
			RebuildScriptCaches (42ms)
			SetupLoadedEditorAssemblies (349ms)
				LogAssemblyErrors (0ms)
				InitializePlatformSupportModulesInManaged (7ms)
				SetLoadedEditorAssemblies (1ms)
				RefreshPlugins (1ms)
				BeforeProcessingInitializeOnLoad (90ms)
				ProcessInitializeOnLoadAttributes (242ms)
				ProcessInitializeOnLoadMethodAttributes (4ms)
				AfterProcessingInitializeOnLoad (3ms)
				EditorAssembliesLoaded (0ms)
			ExecutionOrderSort2 (0ms)
			AwakeInstancesAfterBackupRestoration (6ms)
Platform modules already initialized, skipping
Refreshing native plugins compatible for Editor in 0.81 ms, found 2 plugins.
Preloading 0 native plugins for Editor in 0.00 ms.
Unloading 1744 Unused Serialized files (Serialized files now loaded: 0)
System memory in use before: 109.8 MB.
System memory in use after: 109.9 MB.

Unloading 18 unused Assets to reduce memory usage. Loaded Objects now: 2272.
Total: 2.566500 ms (FindLiveObjects: 0.178900 ms CreateObjectMapping: 0.068000 ms MarkObjects: 2.162100 ms  DeleteObjects: 0.156600 ms)

AssetImportParameters requested are different than current active one (requested -> active):
  custom:framework-win-MediaFoundation: 216162199b28c13a410421893ffa2e32 -> 
  custom:video-decoder-ogg-theora: a1e56fd34408186e4bbccfd4996cb3dc -> 
  custom:container-muxer-webm: aa71ff27fc2769a1b78a27578f13a17b -> 
  custom:container-demuxer-webm: 4f35f7cbe854078d1ac9338744f61a02 -> 
  custom:container-demuxer-ogg: 62fdf1f143b41e24485cea50d1cbac27 -> 
  custom:video-encoder-webm-vp8: eb34c28f22e8b96e1ab97ce403110664 -> 
  custom:video-codec-MediaFoundation-h265: 746d11721c4dcdbdad8f713fa42b33f4 -> 
  custom:video-decoder-webm-vp8: 9c59270c3fd7afecdb556c50c9e8de78 -> 
  custom:audio-decoder-ogg-vorbis: bf7c407c2cedff20999df2af8eb42d56 -> 
  custom:audio-encoder-webm-vorbis: bf7c407c2cedff20999df2af8eb42d56 -> 
========================================================================
Received Prepare
Registering precompiled user dll's ...
Registered in 0.008449 seconds.
Begin MonoManager ReloadAssembly
Native extension for WindowsStandalone target not found
Native extension for WebGL target not found
Refreshing native plugins compatible for Editor in 0.63 ms, found 2 plugins.
Preloading 0 native plugins for Editor in 0.00 ms.
Mono: successfully reloaded assembly
- Completed reload, in  1.330 seconds
Domain Reload Profiling:
	ReloadAssembly (1330ms)
		BeginReloadAssembly (134ms)
			ExecutionOrderSort (0ms)
			DisableScriptedObjects (6ms)
			BackupInstance (0ms)
			ReleaseScriptingObjects (0ms)
			CreateAndSetChildDomain (40ms)
		EndReloadAssembly (1120ms)
			LoadAssemblies (107ms)
			RebuildTransferFunctionScriptingTraits (0ms)
			SetupTypeCache (398ms)
			ReleaseScriptCaches (1ms)
			RebuildScriptCaches (53ms)
			SetupLoadedEditorAssemblies (424ms)
				LogAssemblyErrors (0ms)
				InitializePlatformSupportModulesInManaged (7ms)
				SetLoadedEditorAssemblies (1ms)
				RefreshPlugins (1ms)
				BeforeProcessingInitializeOnLoad (113ms)
				ProcessInitializeOnLoadAttributes (293ms)
				ProcessInitializeOnLoadMethodAttributes (6ms)
				AfterProcessingInitializeOnLoad (3ms)
				EditorAssembliesLoaded (0ms)
			ExecutionOrderSort2 (0ms)
			AwakeInstancesAfterBackupRestoration (10ms)
Platform modules already initialized, skipping
Refreshing native plugins compatible for Editor in 0.88 ms, found 2 plugins.
Preloading 0 native plugins for Editor in 0.00 ms.
Unloading 1744 Unused Serialized files (Serialized files now loaded: 0)
System memory in use before: 109.8 MB.
System memory in use after: 109.9 MB.

Unloading 17 unused Assets to reduce memory usage. Loaded Objects now: 2275.
Total: 3.323500 ms (FindLiveObjects: 0.175700 ms CreateObjectMapping: 0.064400 ms MarkObjects: 2.950200 ms  DeleteObjects: 0.132000 ms)

AssetImportParameters requested are different than current active one (requested -> active):
  custom:framework-win-MediaFoundation: 216162199b28c13a410421893ffa2e32 -> 
  custom:video-decoder-ogg-theora: a1e56fd34408186e4bbccfd4996cb3dc -> 
  custom:container-muxer-webm: aa71ff27fc2769a1b78a27578f13a17b -> 
  custom:container-demuxer-webm: 4f35f7cbe854078d1ac9338744f61a02 -> 
  custom:container-demuxer-ogg: 62fdf1f143b41e24485cea50d1cbac27 -> 
  custom:video-encoder-webm-vp8: eb34c28f22e8b96e1ab97ce403110664 -> 
  custom:video-codec-MediaFoundation-h265: 746d11721c4dcdbdad8f713fa42b33f4 -> 
  custom:video-decoder-webm-vp8: 9c59270c3fd7afecdb556c50c9e8de78 -> 
  custom:audio-decoder-ogg-vorbis: bf7c407c2cedff20999df2af8eb42d56 -> 
  custom:audio-encoder-webm-vorbis: bf7c407c2cedff20999df2af8eb42d56 -> 
========================================================================
Received Prepare
Registering precompiled user dll's ...
Registered in 0.005097 seconds.
Begin MonoManager ReloadAssembly
Native extension for WindowsStandalone target not found
Native extension for WebGL target not found
Refreshing native plugins compatible for Editor in 0.73 ms, found 2 plugins.
Preloading 0 native plugins for Editor in 0.00 ms.
Mono: successfully reloaded assembly
- Completed reload, in  1.265 seconds
Domain Reload Profiling:
	ReloadAssembly (1266ms)
		BeginReloadAssembly (131ms)
			ExecutionOrderSort (0ms)
			DisableScriptedObjects (9ms)
			BackupInstance (0ms)
			ReleaseScriptingObjects (0ms)
			CreateAndSetChildDomain (40ms)
		EndReloadAssembly (1062ms)
			LoadAssemblies (115ms)
			RebuildTransferFunctionScriptingTraits (0ms)
			SetupTypeCache (404ms)
			ReleaseScriptCaches (2ms)
			RebuildScriptCaches (57ms)
			SetupLoadedEditorAssemblies (379ms)
				LogAssemblyErrors (0ms)
				InitializePlatformSupportModulesInManaged (6ms)
				SetLoadedEditorAssemblies (0ms)
				RefreshPlugins (1ms)
				BeforeProcessingInitializeOnLoad (112ms)
				ProcessInitializeOnLoadAttributes (254ms)
				ProcessInitializeOnLoadMethodAttributes (3ms)
				AfterProcessingInitializeOnLoad (2ms)
				EditorAssembliesLoaded (0ms)
			ExecutionOrderSort2 (0ms)
			AwakeInstancesAfterBackupRestoration (6ms)
Platform modules already initialized, skipping
Refreshing native plugins compatible for Editor in 0.99 ms, found 2 plugins.
Preloading 0 native plugins for Editor in 0.00 ms.
Unloading 1744 Unused Serialized files (Serialized files now loaded: 0)
System memory in use before: 109.8 MB.
System memory in use after: 109.9 MB.

Unloading 17 unused Assets to reduce memory usage. Loaded Objects now: 2278.
Total: 2.375600 ms (FindLiveObjects: 0.166100 ms CreateObjectMapping: 0.049000 ms MarkObjects: 2.018900 ms  DeleteObjects: 0.140500 ms)

AssetImportParameters requested are different than current active one (requested -> active):
  custom:framework-win-MediaFoundation: 216162199b28c13a410421893ffa2e32 -> 
  custom:video-decoder-ogg-theora: a1e56fd34408186e4bbccfd4996cb3dc -> 
  custom:container-muxer-webm: aa71ff27fc2769a1b78a27578f13a17b -> 
  custom:container-demuxer-webm: 4f35f7cbe854078d1ac9338744f61a02 -> 
  custom:container-demuxer-ogg: 62fdf1f143b41e24485cea50d1cbac27 -> 
  custom:video-encoder-webm-vp8: eb34c28f22e8b96e1ab97ce403110664 -> 
  custom:video-codec-MediaFoundation-h265: 746d11721c4dcdbdad8f713fa42b33f4 -> 
  custom:video-decoder-webm-vp8: 9c59270c3fd7afecdb556c50c9e8de78 -> 
  custom:audio-decoder-ogg-vorbis: bf7c407c2cedff20999df2af8eb42d56 -> 
  custom:audio-encoder-webm-vorbis: bf7c407c2cedff20999df2af8eb42d56 -> 
========================================================================
Received Import Request.
  Time since last request: 603.002909 seconds.
  path: Assets/Hovl Studio/Toon Projectiles 2/Prefabs/Projectile 7.prefab
  artifactKey: Guid(489b3a2ec3e7cf949925d1b34247d1a9) Importer(815301076,1909f56bfc062723c751e8b465ee728b)
Start importing Assets/Hovl Studio/Toon Projectiles 2/Prefabs/Projectile 7.prefab using Guid(489b3a2ec3e7cf949925d1b34247d1a9) Importer(815301076,1909f56bfc062723c751e8b465ee728b)  -> (artifact id: '204545d6d2e15d4a54f64b07afd7d0d4') in 0.131945 seconds 
  Import took 0.137877 seconds .

========================================================================
Received Import Request.
  Time since last request: 0.000269 seconds.
  path: Assets/Hovl Studio/Toon Projectiles 2/Prefabs/Projectile 10.prefab
  artifactKey: Guid(46b312e00ed9c1f459ea9f0e55bfac77) Importer(815301076,1909f56bfc062723c751e8b465ee728b)
Start importing Assets/Hovl Studio/Toon Projectiles 2/Prefabs/Projectile 10.prefab using Guid(46b312e00ed9c1f459ea9f0e55bfac77) Importer(815301076,1909f56bfc062723c751e8b465ee728b)  -> (artifact id: 'cf8b3fed67b2e8bc2add63b2abd8deef') in 0.044600 seconds 
  Import took 0.049630 seconds .

========================================================================
Received Import Request.
  Time since last request: 0.000445 seconds.
  path: Assets/Hovl Studio/Toon Projectiles 2/Prefabs/Projectile 5.prefab
  artifactKey: Guid(6e39ca2f8efb71e48923599f48461c26) Importer(815301076,1909f56bfc062723c751e8b465ee728b)
Start importing Assets/Hovl Studio/Toon Projectiles 2/Prefabs/Projectile 5.prefab using Guid(6e39ca2f8efb71e48923599f48461c26) Importer(815301076,1909f56bfc062723c751e8b465ee728b)  -> (artifact id: '6d4a67767346028959ab8cb75abe31bf') in 0.024442 seconds 
  Import took 0.028242 seconds .

========================================================================
Received Import Request.
  Time since last request: 0.000359 seconds.
  path: Assets/Hovl Studio/Toon Projectiles 2/Prefabs/Projectile 1.prefab
  artifactKey: Guid(f1dc4df701f37324c98ea16f41770afc) Importer(815301076,1909f56bfc062723c751e8b465ee728b)
Start importing Assets/Hovl Studio/Toon Projectiles 2/Prefabs/Projectile 1.prefab using Guid(f1dc4df701f37324c98ea16f41770afc) Importer(815301076,1909f56bfc062723c751e8b465ee728b)  -> (artifact id: 'a9953e6917543bc05e00ad03b926acdb') in 0.016719 seconds 
  Import took 0.021419 seconds .

========================================================================
Received Import Request.
  Time since last request: 0.000342 seconds.
  path: Assets/Hovl Studio/Toon Projectiles 2/Prefabs/Projectile 2.prefab
  artifactKey: Guid(e7776336bc56a9b4caa1c90ea92ff765) Importer(815301076,1909f56bfc062723c751e8b465ee728b)
Start importing Assets/Hovl Studio/Toon Projectiles 2/Prefabs/Projectile 2.prefab using Guid(e7776336bc56a9b4caa1c90ea92ff765) Importer(815301076,1909f56bfc062723c751e8b465ee728b)  -> (artifact id: 'aba370eb4241b1a12d395e182486d64a') in 0.022799 seconds 
  Import took 0.026523 seconds .

========================================================================
Received Import Request.
  Time since last request: 0.000392 seconds.
  path: Assets/Hovl Studio/Toon Projectiles 2/Prefabs/Projectile 9.prefab
  artifactKey: Guid(243070df32ba7ac45a49cb799d050a50) Importer(815301076,1909f56bfc062723c751e8b465ee728b)
Start importing Assets/Hovl Studio/Toon Projectiles 2/Prefabs/Projectile 9.prefab using Guid(243070df32ba7ac45a49cb799d050a50) Importer(815301076,1909f56bfc062723c751e8b465ee728b)  -> (artifact id: '4a6566109c5586811ab14b8ec4d5d2fc') in 0.026200 seconds 
  Import took 0.029867 seconds .

========================================================================
Received Import Request.
  Time since last request: 0.000390 seconds.
  path: Assets/Hovl Studio/Toon Projectiles 2/Prefabs/Projectile 8.prefab
  artifactKey: Guid(0dd71cf1c4378844fae81b273f0ba817) Importer(815301076,1909f56bfc062723c751e8b465ee728b)
Start importing Assets/Hovl Studio/Toon Projectiles 2/Prefabs/Projectile 8.prefab using Guid(0dd71cf1c4378844fae81b273f0ba817) Importer(815301076,1909f56bfc062723c751e8b465ee728b)  -> (artifact id: '1799f0b4e110dbe7d37b63821b1525a0') in 0.019520 seconds 
  Import took 0.024081 seconds .

========================================================================
Received Import Request.
  Time since last request: 0.000365 seconds.
  path: Assets/Hovl Studio/Toon Projectiles 2/Prefabs/Projectile 3.prefab
  artifactKey: Guid(6d6dffb689c5c164e9bef8f626ffd74e) Importer(815301076,1909f56bfc062723c751e8b465ee728b)
Start importing Assets/Hovl Studio/Toon Projectiles 2/Prefabs/Projectile 3.prefab using Guid(6d6dffb689c5c164e9bef8f626ffd74e) Importer(815301076,1909f56bfc062723c751e8b465ee728b)  -> (artifact id: '3a92728370fcdf05e8dcdc790be610de') in 0.111064 seconds 
  Import took 0.115411 seconds .

========================================================================
Received Import Request.
  Time since last request: 0.000425 seconds.
  path: Assets/Hovl Studio/Toon Projectiles 2/Prefabs/Projectile 4.prefab
  artifactKey: Guid(5ae5c6fb282fd3c44bf0c2083393e142) Importer(815301076,1909f56bfc062723c751e8b465ee728b)
Start importing Assets/Hovl Studio/Toon Projectiles 2/Prefabs/Projectile 4.prefab using Guid(5ae5c6fb282fd3c44bf0c2083393e142) Importer(815301076,1909f56bfc062723c751e8b465ee728b)  -> (artifact id: 'd87ce5256455d927239735da01a0d0b3') in 0.026450 seconds 
  Import took 0.031123 seconds .

========================================================================
Received Import Request.
  Time since last request: 0.000383 seconds.
  path: Assets/Hovl Studio/Toon Projectiles 2/Prefabs/Projectile 6.prefab
  artifactKey: Guid(bc0b77b5d64c11e48b0a22fadb7489ce) Importer(815301076,1909f56bfc062723c751e8b465ee728b)
Start importing Assets/Hovl Studio/Toon Projectiles 2/Prefabs/Projectile 6.prefab using Guid(bc0b77b5d64c11e48b0a22fadb7489ce) Importer(815301076,1909f56bfc062723c751e8b465ee728b)  -> (artifact id: 'bd3dbff644a16c8a55ca8b27b829231b') in 0.035912 seconds 
  Import took 0.040032 seconds .

========================================================================
Received Prepare
Registering precompiled user dll's ...
Registered in 0.006242 seconds.
Begin MonoManager ReloadAssembly
Native extension for WindowsStandalone target not found
Native extension for WebGL target not found
Refreshing native plugins compatible for Editor in 0.72 ms, found 2 plugins.
Preloading 0 native plugins for Editor in 0.00 ms.
Mono: successfully reloaded assembly
- Completed reload, in  1.707 seconds
Domain Reload Profiling:
	ReloadAssembly (1708ms)
		BeginReloadAssembly (175ms)
			ExecutionOrderSort (0ms)
			DisableScriptedObjects (6ms)
			BackupInstance (0ms)
			ReleaseScriptingObjects (0ms)
			CreateAndSetChildDomain (48ms)
		EndReloadAssembly (1428ms)
			LoadAssemblies (141ms)
			RebuildTransferFunctionScriptingTraits (0ms)
			SetupTypeCache (563ms)
			ReleaseScriptCaches (1ms)
			RebuildScriptCaches (64ms)
			SetupLoadedEditorAssemblies (405ms)
				LogAssemblyErrors (0ms)
				InitializePlatformSupportModulesInManaged (8ms)
				SetLoadedEditorAssemblies (1ms)
				RefreshPlugins (1ms)
				BeforeProcessingInitializeOnLoad (108ms)
				ProcessInitializeOnLoadAttributes (280ms)
				ProcessInitializeOnLoadMethodAttributes (4ms)
				AfterProcessingInitializeOnLoad (3ms)
				EditorAssembliesLoaded (0ms)
			ExecutionOrderSort2 (0ms)
			AwakeInstancesAfterBackupRestoration (8ms)
Platform modules already initialized, skipping
Refreshing native plugins compatible for Editor in 0.85 ms, found 2 plugins.
Preloading 0 native plugins for Editor in 0.00 ms.
Unloading 1745 Unused Serialized files (Serialized files now loaded: 0)
System memory in use before: 110.2 MB.
System memory in use after: 110.2 MB.

Unloading 17 unused Assets to reduce memory usage. Loaded Objects now: 2285.
Total: 3.162000 ms (FindLiveObjects: 0.177600 ms CreateObjectMapping: 0.054900 ms MarkObjects: 2.809100 ms  DeleteObjects: 0.118800 ms)

AssetImportParameters requested are different than current active one (requested -> active):
  custom:framework-win-MediaFoundation: 216162199b28c13a410421893ffa2e32 -> 
  custom:video-decoder-ogg-theora: a1e56fd34408186e4bbccfd4996cb3dc -> 
  custom:container-muxer-webm: aa71ff27fc2769a1b78a27578f13a17b -> 
  custom:container-demuxer-webm: 4f35f7cbe854078d1ac9338744f61a02 -> 
  custom:container-demuxer-ogg: 62fdf1f143b41e24485cea50d1cbac27 -> 
  custom:video-encoder-webm-vp8: eb34c28f22e8b96e1ab97ce403110664 -> 
  custom:video-codec-MediaFoundation-h265: 746d11721c4dcdbdad8f713fa42b33f4 -> 
  custom:video-decoder-webm-vp8: 9c59270c3fd7afecdb556c50c9e8de78 -> 
  custom:audio-decoder-ogg-vorbis: bf7c407c2cedff20999df2af8eb42d56 -> 
  custom:audio-encoder-webm-vorbis: bf7c407c2cedff20999df2af8eb42d56 -> 
========================================================================
Received Prepare
Registering precompiled user dll's ...
Registered in 0.004165 seconds.
Begin MonoManager ReloadAssembly
Native extension for WindowsStandalone target not found
Native extension for WebGL target not found
Refreshing native plugins compatible for Editor in 0.63 ms, found 2 plugins.
Preloading 0 native plugins for Editor in 0.00 ms.
Mono: successfully reloaded assembly
- Completed reload, in  1.363 seconds
Domain Reload Profiling:
	ReloadAssembly (1363ms)
		BeginReloadAssembly (139ms)
			ExecutionOrderSort (0ms)
			DisableScriptedObjects (6ms)
			BackupInstance (0ms)
			ReleaseScriptingObjects (0ms)
			CreateAndSetChildDomain (37ms)
		EndReloadAssembly (1146ms)
			LoadAssemblies (118ms)
			RebuildTransferFunctionScriptingTraits (0ms)
			SetupTypeCache (396ms)
			ReleaseScriptCaches (1ms)
			RebuildScriptCaches (66ms)
			SetupLoadedEditorAssemblies (420ms)
				LogAssemblyErrors (0ms)
				InitializePlatformSupportModulesInManaged (8ms)
				SetLoadedEditorAssemblies (1ms)
				RefreshPlugins (1ms)
				BeforeProcessingInitializeOnLoad (107ms)
				ProcessInitializeOnLoadAttributes (298ms)
				ProcessInitializeOnLoadMethodAttributes (4ms)
				AfterProcessingInitializeOnLoad (3ms)
				EditorAssembliesLoaded (0ms)
			ExecutionOrderSort2 (0ms)
			AwakeInstancesAfterBackupRestoration (8ms)
Platform modules already initialized, skipping
Refreshing native plugins compatible for Editor in 0.85 ms, found 2 plugins.
Preloading 0 native plugins for Editor in 0.00 ms.
Unloading 1745 Unused Serialized files (Serialized files now loaded: 0)
System memory in use before: 110.2 MB.
System memory in use after: 110.3 MB.

Unloading 17 unused Assets to reduce memory usage. Loaded Objects now: 2288.
Total: 3.214900 ms (FindLiveObjects: 0.196300 ms CreateObjectMapping: 0.064100 ms MarkObjects: 2.846700 ms  DeleteObjects: 0.106500 ms)

AssetImportParameters requested are different than current active one (requested -> active):
  custom:framework-win-MediaFoundation: 216162199b28c13a410421893ffa2e32 -> 
  custom:video-decoder-ogg-theora: a1e56fd34408186e4bbccfd4996cb3dc -> 
  custom:container-muxer-webm: aa71ff27fc2769a1b78a27578f13a17b -> 
  custom:container-demuxer-webm: 4f35f7cbe854078d1ac9338744f61a02 -> 
  custom:container-demuxer-ogg: 62fdf1f143b41e24485cea50d1cbac27 -> 
  custom:video-encoder-webm-vp8: eb34c28f22e8b96e1ab97ce403110664 -> 
  custom:video-codec-MediaFoundation-h265: 746d11721c4dcdbdad8f713fa42b33f4 -> 
  custom:video-decoder-webm-vp8: 9c59270c3fd7afecdb556c50c9e8de78 -> 
  custom:audio-decoder-ogg-vorbis: bf7c407c2cedff20999df2af8eb42d56 -> 
  custom:audio-encoder-webm-vorbis: bf7c407c2cedff20999df2af8eb42d56 -> 
========================================================================
Received Prepare
Registering precompiled user dll's ...
Registered in 0.004246 seconds.
Begin MonoManager ReloadAssembly
Native extension for WindowsStandalone target not found
Native extension for WebGL target not found
Refreshing native plugins compatible for Editor in 1.19 ms, found 2 plugins.
Preloading 0 native plugins for Editor in 0.00 ms.
Mono: successfully reloaded assembly
- Completed reload, in  1.324 seconds
Domain Reload Profiling:
	ReloadAssembly (1325ms)
		BeginReloadAssembly (121ms)
			ExecutionOrderSort (0ms)
			DisableScriptedObjects (7ms)
			BackupInstance (0ms)
			ReleaseScriptingObjects (0ms)
			CreateAndSetChildDomain (33ms)
		EndReloadAssembly (1136ms)
			LoadAssemblies (112ms)
			RebuildTransferFunctionScriptingTraits (0ms)
			SetupTypeCache (369ms)
			ReleaseScriptCaches (1ms)
			RebuildScriptCaches (49ms)
			SetupLoadedEditorAssemblies (450ms)
				LogAssemblyErrors (0ms)
				InitializePlatformSupportModulesInManaged (8ms)
				SetLoadedEditorAssemblies (0ms)
				RefreshPlugins (1ms)
				BeforeProcessingInitializeOnLoad (138ms)
				ProcessInitializeOnLoadAttributes (295ms)
				ProcessInitializeOnLoadMethodAttributes (5ms)
				AfterProcessingInitializeOnLoad (3ms)
				EditorAssembliesLoaded (0ms)
			ExecutionOrderSort2 (0ms)
			AwakeInstancesAfterBackupRestoration (8ms)
Platform modules already initialized, skipping
Refreshing native plugins compatible for Editor in 0.84 ms, found 2 plugins.
Preloading 0 native plugins for Editor in 0.00 ms.
Unloading 1745 Unused Serialized files (Serialized files now loaded: 0)
System memory in use before: 110.2 MB.
System memory in use after: 110.3 MB.

Unloading 17 unused Assets to reduce memory usage. Loaded Objects now: 2291.
Total: 3.617800 ms (FindLiveObjects: 0.162100 ms CreateObjectMapping: 0.048000 ms MarkObjects: 3.222300 ms  DeleteObjects: 0.183700 ms)

AssetImportParameters requested are different than current active one (requested -> active):
  custom:framework-win-MediaFoundation: 216162199b28c13a410421893ffa2e32 -> 
  custom:video-decoder-ogg-theora: a1e56fd34408186e4bbccfd4996cb3dc -> 
  custom:container-muxer-webm: aa71ff27fc2769a1b78a27578f13a17b -> 
  custom:container-demuxer-webm: 4f35f7cbe854078d1ac9338744f61a02 -> 
  custom:container-demuxer-ogg: 62fdf1f143b41e24485cea50d1cbac27 -> 
  custom:video-encoder-webm-vp8: eb34c28f22e8b96e1ab97ce403110664 -> 
  custom:video-codec-MediaFoundation-h265: 746d11721c4dcdbdad8f713fa42b33f4 -> 
  custom:video-decoder-webm-vp8: 9c59270c3fd7afecdb556c50c9e8de78 -> 
  custom:audio-decoder-ogg-vorbis: bf7c407c2cedff20999df2af8eb42d56 -> 
  custom:audio-encoder-webm-vorbis: bf7c407c2cedff20999df2af8eb42d56 -> 
========================================================================
Received Import Request.
  Time since last request: 191.211581 seconds.
  path: Assets/SkyBox Volume 2/Demos/Prefabs/Asteroid/Asteroid.prefab
  artifactKey: Guid(f6698d00403c5e648891e634261a3b29) Importer(815301076,1909f56bfc062723c751e8b465ee728b)
Start importing Assets/SkyBox Volume 2/Demos/Prefabs/Asteroid/Asteroid.prefab using Guid(f6698d00403c5e648891e634261a3b29) Importer(815301076,1909f56bfc062723c751e8b465ee728b)  -> (artifact id: 'd6e1272b92dea398aa73202ec307ca2f') in 0.180671 seconds 
  Import took 0.184389 seconds .

========================================================================
Received Import Request.
  Time since last request: 87.498997 seconds.
  path: Assets/SkyBox Volume 2/Demos/Prefabs/Asteroid/Asteroid.prefab
  artifactKey: Guid(f6698d00403c5e648891e634261a3b29) Importer(815301076,1909f56bfc062723c751e8b465ee728b)
Start importing Assets/SkyBox Volume 2/Demos/Prefabs/Asteroid/Asteroid.prefab using Guid(f6698d00403c5e648891e634261a3b29) Importer(815301076,1909f56bfc062723c751e8b465ee728b)  -> (artifact id: '2fd891b528b4035f71f95880a13270d8') in 0.032435 seconds 
  Import took 0.039958 seconds .

========================================================================
Received Prepare
Registering precompiled user dll's ...
Registered in 0.007035 seconds.
Begin MonoManager ReloadAssembly
Native extension for WindowsStandalone target not found
Native extension for WebGL target not found
Refreshing native plugins compatible for Editor in 0.95 ms, found 2 plugins.
Preloading 0 native plugins for Editor in 0.00 ms.
Mono: successfully reloaded assembly
- Completed reload, in  1.357 seconds
Domain Reload Profiling:
	ReloadAssembly (1357ms)
		BeginReloadAssembly (122ms)
			ExecutionOrderSort (0ms)
			DisableScriptedObjects (6ms)
			BackupInstance (0ms)
			ReleaseScriptingObjects (0ms)
			CreateAndSetChildDomain (38ms)
		EndReloadAssembly (1158ms)
			LoadAssemblies (111ms)
			RebuildTransferFunctionScriptingTraits (0ms)
			SetupTypeCache (410ms)
			ReleaseScriptCaches (1ms)
			RebuildScriptCaches (60ms)
			SetupLoadedEditorAssemblies (433ms)
				LogAssemblyErrors (0ms)
				InitializePlatformSupportModulesInManaged (7ms)
				SetLoadedEditorAssemblies (0ms)
				RefreshPlugins (1ms)
				BeforeProcessingInitializeOnLoad (130ms)
				ProcessInitializeOnLoadAttributes (288ms)
				ProcessInitializeOnLoadMethodAttributes (3ms)
				AfterProcessingInitializeOnLoad (3ms)
				EditorAssembliesLoaded (0ms)
			ExecutionOrderSort2 (0ms)
			AwakeInstancesAfterBackupRestoration (7ms)
Platform modules already initialized, skipping
Refreshing native plugins compatible for Editor in 0.72 ms, found 2 plugins.
Preloading 0 native plugins for Editor in 0.00 ms.
Unloading 1745 Unused Serialized files (Serialized files now loaded: 0)
System memory in use before: 110.2 MB.
System memory in use after: 110.3 MB.

Unloading 17 unused Assets to reduce memory usage. Loaded Objects now: 2296.
Total: 3.237500 ms (FindLiveObjects: 0.167700 ms CreateObjectMapping: 0.063300 ms MarkObjects: 2.897900 ms  DeleteObjects: 0.107000 ms)

AssetImportParameters requested are different than current active one (requested -> active):
  custom:framework-win-MediaFoundation: 216162199b28c13a410421893ffa2e32 -> 
  custom:video-decoder-ogg-theora: a1e56fd34408186e4bbccfd4996cb3dc -> 
  custom:container-muxer-webm: aa71ff27fc2769a1b78a27578f13a17b -> 
  custom:container-demuxer-webm: 4f35f7cbe854078d1ac9338744f61a02 -> 
  custom:container-demuxer-ogg: 62fdf1f143b41e24485cea50d1cbac27 -> 
  custom:video-encoder-webm-vp8: eb34c28f22e8b96e1ab97ce403110664 -> 
  custom:video-codec-MediaFoundation-h265: 746d11721c4dcdbdad8f713fa42b33f4 -> 
  custom:video-decoder-webm-vp8: 9c59270c3fd7afecdb556c50c9e8de78 -> 
  custom:audio-decoder-ogg-vorbis: bf7c407c2cedff20999df2af8eb42d56 -> 
  custom:audio-encoder-webm-vorbis: bf7c407c2cedff20999df2af8eb42d56 -> 
========================================================================
Received Prepare
Registering precompiled user dll's ...
Registered in 0.004797 seconds.
Begin MonoManager ReloadAssembly
Native extension for WindowsStandalone target not found
Native extension for WebGL target not found
Refreshing native plugins compatible for Editor in 0.68 ms, found 2 plugins.
Preloading 0 native plugins for Editor in 0.00 ms.
Mono: successfully reloaded assembly
- Completed reload, in  1.280 seconds
Domain Reload Profiling:
	ReloadAssembly (1281ms)
		BeginReloadAssembly (115ms)
			ExecutionOrderSort (0ms)
			DisableScriptedObjects (4ms)
			BackupInstance (0ms)
			ReleaseScriptingObjects (0ms)
			CreateAndSetChildDomain (30ms)
		EndReloadAssembly (1108ms)
			LoadAssemblies (95ms)
			RebuildTransferFunctionScriptingTraits (0ms)
			SetupTypeCache (421ms)
			ReleaseScriptCaches (1ms)
			RebuildScriptCaches (61ms)
			SetupLoadedEditorAssemblies (414ms)
				LogAssemblyErrors (0ms)
				InitializePlatformSupportModulesInManaged (6ms)
				SetLoadedEditorAssemblies (1ms)
				RefreshPlugins (1ms)
				BeforeProcessingInitializeOnLoad (98ms)
				ProcessInitializeOnLoadAttributes (300ms)
				ProcessInitializeOnLoadMethodAttributes (5ms)
				AfterProcessingInitializeOnLoad (3ms)
				EditorAssembliesLoaded (1ms)
			ExecutionOrderSort2 (0ms)
			AwakeInstancesAfterBackupRestoration (10ms)
Platform modules already initialized, skipping
Refreshing native plugins compatible for Editor in 0.91 ms, found 2 plugins.
Preloading 0 native plugins for Editor in 0.00 ms.
Unloading 1745 Unused Serialized files (Serialized files now loaded: 0)
System memory in use before: 110.2 MB.
System memory in use after: 110.3 MB.

Unloading 17 unused Assets to reduce memory usage. Loaded Objects now: 2299.
Total: 3.834300 ms (FindLiveObjects: 0.230500 ms CreateObjectMapping: 0.133500 ms MarkObjects: 3.361200 ms  DeleteObjects: 0.107500 ms)

AssetImportParameters requested are different than current active one (requested -> active):
  custom:framework-win-MediaFoundation: 216162199b28c13a410421893ffa2e32 -> 
  custom:video-decoder-ogg-theora: a1e56fd34408186e4bbccfd4996cb3dc -> 
  custom:container-muxer-webm: aa71ff27fc2769a1b78a27578f13a17b -> 
  custom:container-demuxer-webm: 4f35f7cbe854078d1ac9338744f61a02 -> 
  custom:container-demuxer-ogg: 62fdf1f143b41e24485cea50d1cbac27 -> 
  custom:video-encoder-webm-vp8: eb34c28f22e8b96e1ab97ce403110664 -> 
  custom:video-codec-MediaFoundation-h265: 746d11721c4dcdbdad8f713fa42b33f4 -> 
  custom:video-decoder-webm-vp8: 9c59270c3fd7afecdb556c50c9e8de78 -> 
  custom:audio-decoder-ogg-vorbis: bf7c407c2cedff20999df2af8eb42d56 -> 
  custom:audio-encoder-webm-vorbis: bf7c407c2cedff20999df2af8eb42d56 -> 
========================================================================
Received Import Request.
  Time since last request: 349.099269 seconds.
  path: Assets/SkyBox Volume 2/Demos/Prefabs/Asteroid/Asteroid.prefab
  artifactKey: Guid(f6698d00403c5e648891e634261a3b29) Importer(815301076,1909f56bfc062723c751e8b465ee728b)
Start importing Assets/SkyBox Volume 2/Demos/Prefabs/Asteroid/Asteroid.prefab using Guid(f6698d00403c5e648891e634261a3b29) Importer(815301076,1909f56bfc062723c751e8b465ee728b)  -> (artifact id: '473deeb6010e4c7c3a0d6304a586d29a') in 0.086207 seconds 
  Import took 0.090840 seconds .

========================================================================
Received Import Request.
  Time since last request: 7.976675 seconds.
  path: Assets/SkyBox Volume 2/Demos/Prefabs/Asteroid/Asteroid.prefab
  artifactKey: Guid(f6698d00403c5e648891e634261a3b29) Importer(815301076,1909f56bfc062723c751e8b465ee728b)
Start importing Assets/SkyBox Volume 2/Demos/Prefabs/Asteroid/Asteroid.prefab using Guid(f6698d00403c5e648891e634261a3b29) Importer(815301076,1909f56bfc062723c751e8b465ee728b)  -> (artifact id: 'f22548b3f9784c9d12426fc425400453') in 0.028646 seconds 
  Import took 0.034546 seconds .

========================================================================
Received Import Request.
  Time since last request: 4.816430 seconds.
  path: Assets/SkyBox Volume 2/Demos/Prefabs/Asteroid/Asteroid.prefab
  artifactKey: Guid(f6698d00403c5e648891e634261a3b29) Importer(815301076,1909f56bfc062723c751e8b465ee728b)
Start importing Assets/SkyBox Volume 2/Demos/Prefabs/Asteroid/Asteroid.prefab using Guid(f6698d00403c5e648891e634261a3b29) Importer(815301076,1909f56bfc062723c751e8b465ee728b)  -> (artifact id: '0f2ec82069e0bac41db634e1973722d7') in 0.027534 seconds 
  Import took 0.033904 seconds .

========================================================================
Received Import Request.
  Time since last request: 3.753374 seconds.
  path: Assets/SkyBox Volume 2/Demos/Prefabs/Asteroid/Asteroid.prefab
  artifactKey: Guid(f6698d00403c5e648891e634261a3b29) Importer(815301076,1909f56bfc062723c751e8b465ee728b)
Start importing Assets/SkyBox Volume 2/Demos/Prefabs/Asteroid/Asteroid.prefab using Guid(f6698d00403c5e648891e634261a3b29) Importer(815301076,1909f56bfc062723c751e8b465ee728b)  -> (artifact id: '46556de48138926831e6357b938f7523') in 0.027952 seconds 
  Import took 0.033293 seconds .

========================================================================
Received Import Request.
  Time since last request: 4.248689 seconds.
  path: Assets/SkyBox Volume 2/Demos/Prefabs/Asteroid/Asteroid.prefab
  artifactKey: Guid(f6698d00403c5e648891e634261a3b29) Importer(815301076,1909f56bfc062723c751e8b465ee728b)
Start importing Assets/SkyBox Volume 2/Demos/Prefabs/Asteroid/Asteroid.prefab using Guid(f6698d00403c5e648891e634261a3b29) Importer(815301076,1909f56bfc062723c751e8b465ee728b)  -> (artifact id: 'd01d965022cfd763025b2b576638ef05') in 0.028734 seconds 
  Import took 0.034706 seconds .

========================================================================
Received Prepare
Registering precompiled user dll's ...
Registered in 0.007184 seconds.
Begin MonoManager ReloadAssembly
Native extension for WindowsStandalone target not found
Native extension for WebGL target not found
Refreshing native plugins compatible for Editor in 0.72 ms, found 2 plugins.
Preloading 0 native plugins for Editor in 0.00 ms.
Mono: successfully reloaded assembly
- Completed reload, in  1.236 seconds
Domain Reload Profiling:
	ReloadAssembly (1236ms)
		BeginReloadAssembly (122ms)
			ExecutionOrderSort (0ms)
			DisableScriptedObjects (5ms)
			BackupInstance (0ms)
			ReleaseScriptingObjects (0ms)
			CreateAndSetChildDomain (33ms)
		EndReloadAssembly (1041ms)
			LoadAssemblies (108ms)
			RebuildTransferFunctionScriptingTraits (0ms)
			SetupTypeCache (337ms)
			ReleaseScriptCaches (1ms)
			RebuildScriptCaches (47ms)
			SetupLoadedEditorAssemblies (420ms)
				LogAssemblyErrors (0ms)
				InitializePlatformSupportModulesInManaged (7ms)
				SetLoadedEditorAssemblies (1ms)
				RefreshPlugins (1ms)
				BeforeProcessingInitializeOnLoad (103ms)
				ProcessInitializeOnLoadAttributes (300ms)
				ProcessInitializeOnLoadMethodAttributes (5ms)
				AfterProcessingInitializeOnLoad (3ms)
				EditorAssembliesLoaded (0ms)
			ExecutionOrderSort2 (0ms)
			AwakeInstancesAfterBackupRestoration (8ms)
Platform modules already initialized, skipping
Refreshing native plugins compatible for Editor in 0.81 ms, found 2 plugins.
Preloading 0 native plugins for Editor in 0.00 ms.
Unloading 1745 Unused Serialized files (Serialized files now loaded: 0)
System memory in use before: 110.2 MB.
System memory in use after: 110.3 MB.

Unloading 17 unused Assets to reduce memory usage. Loaded Objects now: 2303.
Total: 3.016400 ms (FindLiveObjects: 0.268400 ms CreateObjectMapping: 0.068400 ms MarkObjects: 2.560600 ms  DeleteObjects: 0.117800 ms)

AssetImportParameters requested are different than current active one (requested -> active):
  custom:framework-win-MediaFoundation: 216162199b28c13a410421893ffa2e32 -> 
  custom:video-decoder-ogg-theora: a1e56fd34408186e4bbccfd4996cb3dc -> 
  custom:container-muxer-webm: aa71ff27fc2769a1b78a27578f13a17b -> 
  custom:container-demuxer-webm: 4f35f7cbe854078d1ac9338744f61a02 -> 
  custom:container-demuxer-ogg: 62fdf1f143b41e24485cea50d1cbac27 -> 
  custom:video-encoder-webm-vp8: eb34c28f22e8b96e1ab97ce403110664 -> 
  custom:video-codec-MediaFoundation-h265: 746d11721c4dcdbdad8f713fa42b33f4 -> 
  custom:video-decoder-webm-vp8: 9c59270c3fd7afecdb556c50c9e8de78 -> 
  custom:audio-decoder-ogg-vorbis: bf7c407c2cedff20999df2af8eb42d56 -> 
  custom:audio-encoder-webm-vorbis: bf7c407c2cedff20999df2af8eb42d56 -> 
========================================================================
Received Prepare
Registering precompiled user dll's ...
Registered in 0.007393 seconds.
Begin MonoManager ReloadAssembly
Native extension for WindowsStandalone target not found
Native extension for WebGL target not found
Refreshing native plugins compatible for Editor in 0.93 ms, found 2 plugins.
Preloading 0 native plugins for Editor in 0.00 ms.
Mono: successfully reloaded assembly
- Completed reload, in  1.209 seconds
Domain Reload Profiling:
	ReloadAssembly (1209ms)
		BeginReloadAssembly (113ms)
			ExecutionOrderSort (0ms)
			DisableScriptedObjects (6ms)
			BackupInstance (0ms)
			ReleaseScriptingObjects (0ms)
			CreateAndSetChildDomain (32ms)
		EndReloadAssembly (1022ms)
			LoadAssemblies (97ms)
			RebuildTransferFunctionScriptingTraits (0ms)
			SetupTypeCache (340ms)
			ReleaseScriptCaches (1ms)
			RebuildScriptCaches (52ms)
			SetupLoadedEditorAssemblies (400ms)
				LogAssemblyErrors (0ms)
				InitializePlatformSupportModulesInManaged (7ms)
				SetLoadedEditorAssemblies (0ms)
				RefreshPlugins (1ms)
				BeforeProcessingInitializeOnLoad (99ms)
				ProcessInitializeOnLoadAttributes (284ms)
				ProcessInitializeOnLoadMethodAttributes (4ms)
				AfterProcessingInitializeOnLoad (5ms)
				EditorAssembliesLoaded (0ms)
			ExecutionOrderSort2 (0ms)
			AwakeInstancesAfterBackupRestoration (9ms)
Platform modules already initialized, skipping
Refreshing native plugins compatible for Editor in 0.66 ms, found 2 plugins.
Preloading 0 native plugins for Editor in 0.00 ms.
Unloading 1745 Unused Serialized files (Serialized files now loaded: 0)
System memory in use before: 110.2 MB.
System memory in use after: 110.3 MB.

Unloading 17 unused Assets to reduce memory usage. Loaded Objects now: 2306.
Total: 2.536800 ms (FindLiveObjects: 0.139800 ms CreateObjectMapping: 0.052100 ms MarkObjects: 2.210300 ms  DeleteObjects: 0.133200 ms)

AssetImportParameters requested are different than current active one (requested -> active):
  custom:framework-win-MediaFoundation: 216162199b28c13a410421893ffa2e32 -> 
  custom:video-decoder-ogg-theora: a1e56fd34408186e4bbccfd4996cb3dc -> 
  custom:container-muxer-webm: aa71ff27fc2769a1b78a27578f13a17b -> 
  custom:container-demuxer-webm: 4f35f7cbe854078d1ac9338744f61a02 -> 
  custom:container-demuxer-ogg: 62fdf1f143b41e24485cea50d1cbac27 -> 
  custom:video-encoder-webm-vp8: eb34c28f22e8b96e1ab97ce403110664 -> 
  custom:video-codec-MediaFoundation-h265: 746d11721c4dcdbdad8f713fa42b33f4 -> 
  custom:video-decoder-webm-vp8: 9c59270c3fd7afecdb556c50c9e8de78 -> 
  custom:audio-decoder-ogg-vorbis: bf7c407c2cedff20999df2af8eb42d56 -> 
  custom:audio-encoder-webm-vorbis: bf7c407c2cedff20999df2af8eb42d56 -> 
========================================================================
Received Prepare
Registering precompiled user dll's ...
Registered in 0.003946 seconds.
Begin MonoManager ReloadAssembly
Native extension for WindowsStandalone target not found
Native extension for WebGL target not found
Refreshing native plugins compatible for Editor in 0.71 ms, found 2 plugins.
Preloading 0 native plugins for Editor in 0.00 ms.
Mono: successfully reloaded assembly
- Completed reload, in  1.316 seconds
Domain Reload Profiling:
	ReloadAssembly (1317ms)
		BeginReloadAssembly (130ms)
			ExecutionOrderSort (0ms)
			DisableScriptedObjects (7ms)
			BackupInstance (0ms)
			ReleaseScriptingObjects (0ms)
			CreateAndSetChildDomain (35ms)
		EndReloadAssembly (1103ms)
			LoadAssemblies (108ms)
			RebuildTransferFunctionScriptingTraits (0ms)
			SetupTypeCache (390ms)
			ReleaseScriptCaches (1ms)
			RebuildScriptCaches (53ms)
			SetupLoadedEditorAssemblies (428ms)
				LogAssemblyErrors (0ms)
				InitializePlatformSupportModulesInManaged (7ms)
				SetLoadedEditorAssemblies (1ms)
				RefreshPlugins (1ms)
				BeforeProcessingInitializeOnLoad (116ms)
				ProcessInitializeOnLoadAttributes (296ms)
				ProcessInitializeOnLoadMethodAttributes (4ms)
				AfterProcessingInitializeOnLoad (2ms)
				EditorAssembliesLoaded (0ms)
			ExecutionOrderSort2 (0ms)
			AwakeInstancesAfterBackupRestoration (6ms)
Platform modules already initialized, skipping
Refreshing native plugins compatible for Editor in 0.93 ms, found 2 plugins.
Preloading 0 native plugins for Editor in 0.00 ms.
Unloading 1745 Unused Serialized files (Serialized files now loaded: 0)
System memory in use before: 110.3 MB.
System memory in use after: 110.3 MB.

Unloading 17 unused Assets to reduce memory usage. Loaded Objects now: 2309.
Total: 3.186900 ms (FindLiveObjects: 0.331500 ms CreateObjectMapping: 0.084300 ms MarkObjects: 2.619500 ms  DeleteObjects: 0.150300 ms)

AssetImportParameters requested are different than current active one (requested -> active):
  custom:framework-win-MediaFoundation: 216162199b28c13a410421893ffa2e32 -> 
  custom:video-decoder-ogg-theora: a1e56fd34408186e4bbccfd4996cb3dc -> 
  custom:container-muxer-webm: aa71ff27fc2769a1b78a27578f13a17b -> 
  custom:container-demuxer-webm: 4f35f7cbe854078d1ac9338744f61a02 -> 
  custom:container-demuxer-ogg: 62fdf1f143b41e24485cea50d1cbac27 -> 
  custom:video-encoder-webm-vp8: eb34c28f22e8b96e1ab97ce403110664 -> 
  custom:video-codec-MediaFoundation-h265: 746d11721c4dcdbdad8f713fa42b33f4 -> 
  custom:video-decoder-webm-vp8: 9c59270c3fd7afecdb556c50c9e8de78 -> 
  custom:audio-decoder-ogg-vorbis: bf7c407c2cedff20999df2af8eb42d56 -> 
  custom:audio-encoder-webm-vorbis: bf7c407c2cedff20999df2af8eb42d56 -> 
========================================================================
Received Import Request.
  Time since last request: 219.418126 seconds.
  path: Assets/SkyBox Volume 2/Demos/Audio/Engines
  artifactKey: Guid(5136f663e669fe04882daa05b96386f1) Importer(815301076,1909f56bfc062723c751e8b465ee728b)
Start importing Assets/SkyBox Volume 2/Demos/Audio/Engines using Guid(5136f663e669fe04882daa05b96386f1) Importer(815301076,1909f56bfc062723c751e8b465ee728b)  -> (artifact id: '6bc19b2785dc6a7ef7090e22fa7e0dbc') in 0.012545 seconds 
  Import took 0.018166 seconds .

========================================================================
Received Import Request.
  Time since last request: 0.051953 seconds.
  path: Assets/SkyBox Volume 2/Demos/Audio/Engines/Engine_Missile.wav
  artifactKey: Guid(d89a9372513add34587bd5122645bef9) Importer(815301076,1909f56bfc062723c751e8b465ee728b)
Start importing Assets/SkyBox Volume 2/Demos/Audio/Engines/Engine_Missile.wav using Guid(d89a9372513add34587bd5122645bef9) Importer(815301076,1909f56bfc062723c751e8b465ee728b)  -> (artifact id: 'aac27ac22f62582a92e13a3c79037e33') in 0.077378 seconds 
  Import took 0.081877 seconds .

========================================================================
Received Import Request.
  Time since last request: 0.000338 seconds.
  path: Assets/SkyBox Volume 2/Demos/Audio/Engines/Spacefighter_Engines_Cruising.wav
  artifactKey: Guid(1f24d9ff9f130ce4385c89b386cba381) Importer(815301076,1909f56bfc062723c751e8b465ee728b)
Start importing Assets/SkyBox Volume 2/Demos/Audio/Engines/Spacefighter_Engines_Cruising.wav using Guid(1f24d9ff9f130ce4385c89b386cba381) Importer(815301076,1909f56bfc062723c751e8b465ee728b)  -> (artifact id: '13f130aadda5ac8bfc19d850e1abd69c') in 0.015729 seconds 
  Import took 0.019796 seconds .

========================================================================
Received Import Request.
  Time since last request: 0.000396 seconds.
  path: Assets/SkyBox Volume 2/Demos/Audio/Engines/Spacefighter_Engines_Afterburner.wav
  artifactKey: Guid(5438eb0acf165794d95518348130f2a4) Importer(815301076,1909f56bfc062723c751e8b465ee728b)
Start importing Assets/SkyBox Volume 2/Demos/Audio/Engines/Spacefighter_Engines_Afterburner.wav using Guid(5438eb0acf165794d95518348130f2a4) Importer(815301076,1909f56bfc062723c751e8b465ee728b)  -> (artifact id: '97fb0065f58be47baed256eb892950f2') in 0.025093 seconds 
  Import took 0.030104 seconds .

========================================================================
Received Import Request.
  Time since last request: 51.805632 seconds.
  path: Assets/SkyBox Volume 2/Demos/Audio/Generic
  artifactKey: Guid(4de9432f2a562d94baec8b689ead9689) Importer(815301076,1909f56bfc062723c751e8b465ee728b)
Start importing Assets/SkyBox Volume 2/Demos/Audio/Generic using Guid(4de9432f2a562d94baec8b689ead9689) Importer(815301076,1909f56bfc062723c751e8b465ee728b)  -> (artifact id: 'a31b9a3c471887f23ef0ad49f58e2301') in 0.009012 seconds 
  Import took 0.013824 seconds .

========================================================================
Received Import Request.
  Time since last request: 0.080565 seconds.
  path: Assets/SkyBox Volume 2/Demos/Audio/Generic/Warp.wav
  artifactKey: Guid(fdefec2efe375b24585027e84a46b9c1) Importer(815301076,1909f56bfc062723c751e8b465ee728b)
Start importing Assets/SkyBox Volume 2/Demos/Audio/Generic/Warp.wav using Guid(fdefec2efe375b24585027e84a46b9c1) Importer(815301076,1909f56bfc062723c751e8b465ee728b)  -> (artifact id: 'f426c01f11ec40f003197ee2f040cca9') in 0.013323 seconds 
  Import took 0.017042 seconds .

========================================================================
Received Import Request.
  Time since last request: 2.482680 seconds.
  path: Assets/SkyBox Volume 2/Demos/Audio/Radar
  artifactKey: Guid(1f0825392c0d8d94bba46468387b5303) Importer(815301076,1909f56bfc062723c751e8b465ee728b)
Start importing Assets/SkyBox Volume 2/Demos/Audio/Radar using Guid(1f0825392c0d8d94bba46468387b5303) Importer(815301076,1909f56bfc062723c751e8b465ee728b)  -> (artifact id: '1389ec4fa8e232ecf06489e93eb7e283') in 0.003050 seconds 
  Import took 0.008246 seconds .

========================================================================
Received Import Request.
  Time since last request: 0.083261 seconds.
  path: Assets/SkyBox Volume 2/Demos/Audio/Radar/EnemyDetected.wav
  artifactKey: Guid(1a4134aa7e4c1bf49b490de0a6589518) Importer(815301076,1909f56bfc062723c751e8b465ee728b)
Start importing Assets/SkyBox Volume 2/Demos/Audio/Radar/EnemyDetected.wav using Guid(1a4134aa7e4c1bf49b490de0a6589518) Importer(815301076,1909f56bfc062723c751e8b465ee728b)  -> (artifact id: '9373983c5287a90248976f9c6347fea6') in 0.015750 seconds 
  Import took 0.020064 seconds .

========================================================================
Received Import Request.
  Time since last request: 0.000340 seconds.
  path: Assets/SkyBox Volume 2/Demos/Audio/Radar/Radar_Locking.wav
  artifactKey: Guid(10edf33556b857e4cbb571ba4376a35e) Importer(815301076,1909f56bfc062723c751e8b465ee728b)
Start importing Assets/SkyBox Volume 2/Demos/Audio/Radar/Radar_Locking.wav using Guid(10edf33556b857e4cbb571ba4376a35e) Importer(815301076,1909f56bfc062723c751e8b465ee728b)  -> (artifact id: '1a14f647388e2fd74847c02d0cee312d') in 0.017801 seconds 
  Import took 0.021622 seconds .

========================================================================
Received Import Request.
  Time since last request: 0.000321 seconds.
  path: Assets/SkyBox Volume 2/Demos/Audio/Radar/RadarBeep.wav
  artifactKey: Guid(f26323cf7aaefc0408fd0111dc41eaee) Importer(815301076,1909f56bfc062723c751e8b465ee728b)
Start importing Assets/SkyBox Volume 2/Demos/Audio/Radar/RadarBeep.wav using Guid(f26323cf7aaefc0408fd0111dc41eaee) Importer(815301076,1909f56bfc062723c751e8b465ee728b)  -> (artifact id: '3ee21abca7cd7cf848a03e8773a7d9c9') in 0.018895 seconds 
  Import took 0.023427 seconds .

========================================================================
Received Import Request.
  Time since last request: 0.000399 seconds.
  path: Assets/SkyBox Volume 2/Demos/Audio/Radar/Radar_Locked.wav
  artifactKey: Guid(6f255149a5bc1bf43bf0ed2db335a3c1) Importer(815301076,1909f56bfc062723c751e8b465ee728b)
Start importing Assets/SkyBox Volume 2/Demos/Audio/Radar/Radar_Locked.wav using Guid(6f255149a5bc1bf43bf0ed2db335a3c1) Importer(815301076,1909f56bfc062723c751e8b465ee728b)  -> (artifact id: '13d0fcaa9c3bc3b99237fd895fd5ed6b') in 0.013786 seconds 
  Import took 0.018845 seconds .

========================================================================
Received Import Request.
  Time since last request: 0.000428 seconds.
  path: Assets/SkyBox Volume 2/Demos/Audio/Radar/MissileLocking.wav
  artifactKey: Guid(2f6658d343ca47b479ee74de9706bf00) Importer(815301076,1909f56bfc062723c751e8b465ee728b)
Start importing Assets/SkyBox Volume 2/Demos/Audio/Radar/MissileLocking.wav using Guid(2f6658d343ca47b479ee74de9706bf00) Importer(815301076,1909f56bfc062723c751e8b465ee728b)  -> (artifact id: '925fec0030d4e475f42111f41bb61869') in 0.018704 seconds 
  Import took 0.023479 seconds .

========================================================================
Received Import Request.
  Time since last request: 0.000391 seconds.
  path: Assets/SkyBox Volume 2/Demos/Audio/Radar/MissileThreat.wav
  artifactKey: Guid(8a8066cda5c9c5449a139aab3b2a3cba) Importer(815301076,1909f56bfc062723c751e8b465ee728b)
Start importing Assets/SkyBox Volume 2/Demos/Audio/Radar/MissileThreat.wav using Guid(8a8066cda5c9c5449a139aab3b2a3cba) Importer(815301076,1909f56bfc062723c751e8b465ee728b)  -> (artifact id: 'b06f17157b3341305f98acf8e9a45847') in 0.014512 seconds 
  Import took 0.018949 seconds .

========================================================================
Received Import Request.
  Time since last request: 3.843586 seconds.
  path: Assets/SkyBox Volume 2/Demos/Audio/Weapons
  artifactKey: Guid(e6ca4149c93323343bd1e706f97fc397) Importer(815301076,1909f56bfc062723c751e8b465ee728b)
Start importing Assets/SkyBox Volume 2/Demos/Audio/Weapons using Guid(e6ca4149c93323343bd1e706f97fc397) Importer(815301076,1909f56bfc062723c751e8b465ee728b)  -> (artifact id: 'c39bc12de82d895644493b55ad3a1267') in 0.007843 seconds 
  Import took 0.012046 seconds .

========================================================================
Received Import Request.
  Time since last request: 0.094040 seconds.
  path: Assets/SkyBox Volume 2/Demos/Audio/Weapons/HeavyProjectileWeapon.wav
  artifactKey: Guid(69c0125f5fdde63489e947633061df05) Importer(815301076,1909f56bfc062723c751e8b465ee728b)
Start importing Assets/SkyBox Volume 2/Demos/Audio/Weapons/HeavyProjectileWeapon.wav using Guid(69c0125f5fdde63489e947633061df05) Importer(815301076,1909f56bfc062723c751e8b465ee728b)  -> (artifact id: '95b4f2b64e1a7b88521fccdac6d0f1ac') in 0.015810 seconds 
  Import took 0.020683 seconds .

========================================================================
Received Import Request.
  Time since last request: 0.000361 seconds.
  path: Assets/SkyBox Volume 2/Demos/Audio/Weapons/MissileBegin.wav
  artifactKey: Guid(3d78e4ec96c4152488f72458aceb9177) Importer(815301076,1909f56bfc062723c751e8b465ee728b)
Start importing Assets/SkyBox Volume 2/Demos/Audio/Weapons/MissileBegin.wav using Guid(3d78e4ec96c4152488f72458aceb9177) Importer(815301076,1909f56bfc062723c751e8b465ee728b)  -> (artifact id: 'ef1512f7f32e60810973e6f5853ea682') in 0.017422 seconds 
  Import took 0.021987 seconds .

========================================================================
Received Import Request.
  Time since last request: 0.000416 seconds.
  path: Assets/SkyBox Volume 2/Demos/Audio/Weapons/PulsedLaser.wav
  artifactKey: Guid(f6dedfc2b0ccb02479e12689a57d71ac) Importer(815301076,1909f56bfc062723c751e8b465ee728b)
Start importing Assets/SkyBox Volume 2/Demos/Audio/Weapons/PulsedLaser.wav using Guid(f6dedfc2b0ccb02479e12689a57d71ac) Importer(815301076,1909f56bfc062723c751e8b465ee728b)  -> (artifact id: '5e9e8f16b4fa5c7b859fdf5b59a0882f') in 0.018721 seconds 
  Import took 0.024284 seconds .

========================================================================
Received Import Request.
  Time since last request: 0.000405 seconds.
  path: Assets/SkyBox Volume 2/Demos/Audio/Weapons/Weapons_LaserBeam.wav
  artifactKey: Guid(1a089bf3e15134c4e974b0d9baa4ef21) Importer(815301076,1909f56bfc062723c751e8b465ee728b)
Start importing Assets/SkyBox Volume 2/Demos/Audio/Weapons/Weapons_LaserBeam.wav using Guid(1a089bf3e15134c4e974b0d9baa4ef21) Importer(815301076,1909f56bfc062723c751e8b465ee728b)  -> (artifact id: 'e2db993167ea5f44caddce02e477031d') in 0.021888 seconds 
  Import took 0.026272 seconds .

========================================================================
Received Prepare
Registering precompiled user dll's ...
Registered in 0.004094 seconds.
Begin MonoManager ReloadAssembly
Native extension for WindowsStandalone target not found
Native extension for WebGL target not found
Refreshing native plugins compatible for Editor in 0.64 ms, found 2 plugins.
Preloading 0 native plugins for Editor in 0.00 ms.
Mono: successfully reloaded assembly
- Completed reload, in  1.277 seconds
Domain Reload Profiling:
	ReloadAssembly (1278ms)
		BeginReloadAssembly (121ms)
			ExecutionOrderSort (0ms)
			DisableScriptedObjects (5ms)
			BackupInstance (0ms)
			ReleaseScriptingObjects (0ms)
			CreateAndSetChildDomain (38ms)
		EndReloadAssembly (1073ms)
			LoadAssemblies (109ms)
			RebuildTransferFunctionScriptingTraits (0ms)
			SetupTypeCache (395ms)
			ReleaseScriptCaches (1ms)
			RebuildScriptCaches (43ms)
			SetupLoadedEditorAssemblies (399ms)
				LogAssemblyErrors (0ms)
				InitializePlatformSupportModulesInManaged (10ms)
				SetLoadedEditorAssemblies (0ms)
				RefreshPlugins (1ms)
				BeforeProcessingInitializeOnLoad (122ms)
				ProcessInitializeOnLoadAttributes (259ms)
				ProcessInitializeOnLoadMethodAttributes (4ms)
				AfterProcessingInitializeOnLoad (3ms)
				EditorAssembliesLoaded (0ms)
			ExecutionOrderSort2 (0ms)
			AwakeInstancesAfterBackupRestoration (7ms)
Platform modules already initialized, skipping
Refreshing native plugins compatible for Editor in 0.75 ms, found 2 plugins.
Preloading 0 native plugins for Editor in 0.00 ms.
Unloading 1745 Unused Serialized files (Serialized files now loaded: 0)
System memory in use before: 110.3 MB.
System memory in use after: 110.4 MB.

Unloading 17 unused Assets to reduce memory usage. Loaded Objects now: 2315.
Total: 2.653000 ms (FindLiveObjects: 0.224700 ms CreateObjectMapping: 0.045600 ms MarkObjects: 2.271200 ms  DeleteObjects: 0.110300 ms)

AssetImportParameters requested are different than current active one (requested -> active):
  custom:framework-win-MediaFoundation: 216162199b28c13a410421893ffa2e32 -> 
  custom:video-decoder-ogg-theora: a1e56fd34408186e4bbccfd4996cb3dc -> 
  custom:container-muxer-webm: aa71ff27fc2769a1b78a27578f13a17b -> 
  custom:container-demuxer-webm: 4f35f7cbe854078d1ac9338744f61a02 -> 
  custom:container-demuxer-ogg: 62fdf1f143b41e24485cea50d1cbac27 -> 
  custom:video-encoder-webm-vp8: eb34c28f22e8b96e1ab97ce403110664 -> 
  custom:video-codec-MediaFoundation-h265: 746d11721c4dcdbdad8f713fa42b33f4 -> 
  custom:video-decoder-webm-vp8: 9c59270c3fd7afecdb556c50c9e8de78 -> 
  custom:audio-decoder-ogg-vorbis: bf7c407c2cedff20999df2af8eb42d56 -> 
  custom:audio-encoder-webm-vorbis: bf7c407c2cedff20999df2af8eb42d56 -> 
========================================================================
Received Prepare
Registering precompiled user dll's ...
Registered in 0.004448 seconds.
Begin MonoManager ReloadAssembly
Native extension for WindowsStandalone target not found
Native extension for WebGL target not found
Refreshing native plugins compatible for Editor in 0.61 ms, found 2 plugins.
Preloading 0 native plugins for Editor in 0.00 ms.
Mono: successfully reloaded assembly
- Completed reload, in  1.187 seconds
Domain Reload Profiling:
	ReloadAssembly (1187ms)
		BeginReloadAssembly (101ms)
			ExecutionOrderSort (0ms)
			DisableScriptedObjects (6ms)
			BackupInstance (0ms)
			ReleaseScriptingObjects (0ms)
			CreateAndSetChildDomain (28ms)
		EndReloadAssembly (1011ms)
			LoadAssemblies (95ms)
			RebuildTransferFunctionScriptingTraits (0ms)
			SetupTypeCache (364ms)
			ReleaseScriptCaches (1ms)
			RebuildScriptCaches (55ms)
			SetupLoadedEditorAssemblies (381ms)
				LogAssemblyErrors (0ms)
				InitializePlatformSupportModulesInManaged (6ms)
				SetLoadedEditorAssemblies (0ms)
				RefreshPlugins (1ms)
				BeforeProcessingInitializeOnLoad (102ms)
				ProcessInitializeOnLoadAttributes (265ms)
				ProcessInitializeOnLoadMethodAttributes (4ms)
				AfterProcessingInitializeOnLoad (2ms)
				EditorAssembliesLoaded (0ms)
			ExecutionOrderSort2 (0ms)
			AwakeInstancesAfterBackupRestoration (7ms)
Platform modules already initialized, skipping
Refreshing native plugins compatible for Editor in 0.75 ms, found 2 plugins.
Preloading 0 native plugins for Editor in 0.00 ms.
Unloading 1745 Unused Serialized files (Serialized files now loaded: 0)
System memory in use before: 110.3 MB.
System memory in use after: 110.4 MB.

Unloading 17 unused Assets to reduce memory usage. Loaded Objects now: 2318.
Total: 2.757500 ms (FindLiveObjects: 0.253400 ms CreateObjectMapping: 0.072700 ms MarkObjects: 2.216700 ms  DeleteObjects: 0.213300 ms)

AssetImportParameters requested are different than current active one (requested -> active):
  custom:framework-win-MediaFoundation: 216162199b28c13a410421893ffa2e32 -> 
  custom:video-decoder-ogg-theora: a1e56fd34408186e4bbccfd4996cb3dc -> 
  custom:container-muxer-webm: aa71ff27fc2769a1b78a27578f13a17b -> 
  custom:container-demuxer-webm: 4f35f7cbe854078d1ac9338744f61a02 -> 
  custom:container-demuxer-ogg: 62fdf1f143b41e24485cea50d1cbac27 -> 
  custom:video-encoder-webm-vp8: eb34c28f22e8b96e1ab97ce403110664 -> 
  custom:video-codec-MediaFoundation-h265: 746d11721c4dcdbdad8f713fa42b33f4 -> 
  custom:video-decoder-webm-vp8: 9c59270c3fd7afecdb556c50c9e8de78 -> 
  custom:audio-decoder-ogg-vorbis: bf7c407c2cedff20999df2af8eb42d56 -> 
  custom:audio-encoder-webm-vorbis: bf7c407c2cedff20999df2af8eb42d56 -> 
========================================================================
Received Prepare
Registering precompiled user dll's ...
Registered in 0.004245 seconds.
Begin MonoManager ReloadAssembly
Native extension for WindowsStandalone target not found
Native extension for WebGL target not found
Refreshing native plugins compatible for Editor in 0.60 ms, found 2 plugins.
Preloading 0 native plugins for Editor in 0.00 ms.
Mono: successfully reloaded assembly
- Completed reload, in  1.264 seconds
Domain Reload Profiling:
	ReloadAssembly (1264ms)
		BeginReloadAssembly (123ms)
			ExecutionOrderSort (0ms)
			DisableScriptedObjects (5ms)
			BackupInstance (0ms)
			ReleaseScriptingObjects (0ms)
			CreateAndSetChildDomain (33ms)
		EndReloadAssembly (1067ms)
			LoadAssemblies (98ms)
			RebuildTransferFunctionScriptingTraits (0ms)
			SetupTypeCache (473ms)
			ReleaseScriptCaches (1ms)
			RebuildScriptCaches (51ms)
			SetupLoadedEditorAssemblies (340ms)
				LogAssemblyErrors (0ms)
				InitializePlatformSupportModulesInManaged (7ms)
				SetLoadedEditorAssemblies (0ms)
				RefreshPlugins (1ms)
				BeforeProcessingInitializeOnLoad (95ms)
				ProcessInitializeOnLoadAttributes (231ms)
				ProcessInitializeOnLoadMethodAttributes (3ms)
				AfterProcessingInitializeOnLoad (2ms)
				EditorAssembliesLoaded (0ms)
			ExecutionOrderSort2 (0ms)
			AwakeInstancesAfterBackupRestoration (6ms)
Platform modules already initialized, skipping
Refreshing native plugins compatible for Editor in 1.53 ms, found 2 plugins.
Preloading 0 native plugins for Editor in 0.00 ms.
Unloading 1745 Unused Serialized files (Serialized files now loaded: 0)
System memory in use before: 110.3 MB.
System memory in use after: 110.4 MB.

Unloading 17 unused Assets to reduce memory usage. Loaded Objects now: 2321.
Total: 2.596200 ms (FindLiveObjects: 0.171300 ms CreateObjectMapping: 0.069100 ms MarkObjects: 2.201200 ms  DeleteObjects: 0.153700 ms)

AssetImportParameters requested are different than current active one (requested -> active):
  custom:framework-win-MediaFoundation: 216162199b28c13a410421893ffa2e32 -> 
  custom:video-decoder-ogg-theora: a1e56fd34408186e4bbccfd4996cb3dc -> 
  custom:container-muxer-webm: aa71ff27fc2769a1b78a27578f13a17b -> 
  custom:container-demuxer-webm: 4f35f7cbe854078d1ac9338744f61a02 -> 
  custom:container-demuxer-ogg: 62fdf1f143b41e24485cea50d1cbac27 -> 
  custom:video-encoder-webm-vp8: eb34c28f22e8b96e1ab97ce403110664 -> 
  custom:video-codec-MediaFoundation-h265: 746d11721c4dcdbdad8f713fa42b33f4 -> 
  custom:video-decoder-webm-vp8: 9c59270c3fd7afecdb556c50c9e8de78 -> 
  custom:audio-decoder-ogg-vorbis: bf7c407c2cedff20999df2af8eb42d56 -> 
  custom:audio-encoder-webm-vorbis: bf7c407c2cedff20999df2af8eb42d56 -> 
